;Format
;Basic value type
; str, dex_app, dex_skill, con, wis, int, cha, size, weapon
; VALx == 100000 - no change internal value

str
;Value ToHit ToDam CarryWeight WieldWeight HeldWeight
0		-5	-4	0	0	0	
1		-5	-4	3	1	0	
2		-3	-2	3	2	1
3		-3	-1	10	3	1
4		-2	-1	25	4	2
5		-2	-1	55	5	2	
6		-1	0	80	6	3
7		-1	0	90	7	3
8		0	0	100	8	4
9		0	0	100	9	4
10		0	0	115	10	5	
11		0	0	115	11	5
12		0	0	140	12	6
13		0	0	140	13	6
14		0	0	170	14	7
15		0	0	170	15	7	
16		1	1	195	16	8
17		2	2	220	17	8
18		3	3	255	18	9	
19		4	4	640	19	9
20		5	5	700	20	10	
21		6	6	810	20	11
22		7	7	970	21	11
23		8	8	1130	21	12
24		9	9	1440	22	12
25		10	10	1500	22	13	
26		11	11	1550	23	13
27		12	12	1600	23	14
28		13	13	1650	24	14
29		14	14	1700	24	15
30		15	15	1750	25	15	
31		16	16	1800	25	15
32		17	17	1820	25	15
33		18	18	1840	25	16
34		19	19	1860	26	16
35		20	20	1880	26	16	
36		21	21	1900	26	17
37		22	22	1920	26	17
38		23	23	1940	27	17
39		24	24	1960	27	17
40		25	25	1980	27	18	
41		26	26	2000	27	18
42		27	27	2020	28	18
43		28	28	2040	28	18
44		29	29	2060	28	19
45		30	30	2080	28	19	
46		31	31	2090	29	19
47		32	32	2100	29	19
48		33	33	2130	29	19
49		34	34	2150	29	20
50		35	35	2200	30	20	

dex_app
;Value Reaction MissAttack Defensive
0		-10	-7	8
1		-9	-6	7
2		-8	-4	6
3		-7	-3	4
4		-6	-2	3
5		-5	-2	2
6		-4	-2	2
7		-3	-1	1
8		-2	-1	1
9		-1	-1	0
10		0	0	0	
11		1	0	0
12		2	0	0
13		3	0	-1
14		4	0	-1
15		5	0	-1
16		6	1	-1
17		7	2	-2
18		8	3	-3	
19		9	4	-4
20		10	5	-5	
21		11	6	-6
22		12	7	-7
23		13	8	-8
24		14	9	-9
25		15	10	-10	
26		16	11	-11
27		17	12	-12
28		18	13	-13
29		19	14	-14
30		20	15	-15	
31		21	16	-16
32		22	17	-17
33		23	18	-18
34		24	19	-19
35		25	20	-20	
36		26	21	-21
37		27	22	-22
38		28	23	-23
39		29	24	-24
40		30	25	-25	
41		31	26	-26
42		32	27	-27
43		33	28	-28
44		34	29	-29
45		35	30	-30	
46		36	31	-31
47		37	32	-32
48		38	33	-33
49		39	34	-34
50		40	35	-35	

con
;Value Hitp Ressurection AffectSaving PoisonSaving CriticSaving
0		-4	100	4	5	4
1		-3	100	4	5	4
2		-3	90	3	5	4
3		-3	90	3	5	3
4		-3	80	3	4	3
5		-3	80	2	4	3
6		-2	80	2	3	2
7		-2	75	2	3	2
8		-2	75	1	2	2
9		-2	60	1	2	1
10		-2	60	0	1	1
11		-1	58	0	1	1
12		-1	56	0	1	0
13		-1	55	0	0	0
14		-1	53	0	0	0
15		1	51	0	0	0
16		1	50	-1	0	0
17		1	50	-2	-1	-1
18		2	50	-2	-1	-1
19		2	48	-2	-2	-2
20		3	47	-2	-3	-2
21		3	47	-3	-3	-3
22		4	47	-4	-4	-3
23		4	46	-5	-4	-4
24		4	46	-5	-5	-4
25		5	45	-5	-5	-5
26		6	45	-6	-6	-6
27		7	44	-7	-7	-7
28		8	44	-8	-8	-8
29		9	43	-9	-9	-9
30		10	43	-10	-10	-10
31		11	42	-11	-11	-11
32		12	42	-12	-12	-12
33		13	41	-13	-13	-13
34		14	41	-14	-14	-14
35		15	40	-15	-15	-15
36		16	39	-16	-16	-16
37		17	39	-17	-17	-17
38		18	38	-18	-18	-18
39		19	38	-19	-19	-19
40		20	37	-20	-20	-20
41		21	37	-21	-21	-21
42		22	36	-22	-22	-22
43		23	36	-23	-23	-23
44		24	35	-24	-24	-24
45		25	35	-25	-25	-25
46		26	34	-26	-26	-26
47		27	33	-27	-27	-27
48		28	32	-28	-28	-28
49		29	31	-29	-29	-29
50		30	30	-30	-30	-30

wis
;Value SpellAdditional(bitv) MaxLearnSkill20level SpellSuccess CharSavings MaxSkills
1	100000	20	34	3	1
2	100000	24	38	3	2
3	100000	28	42	3	3
4	100000	32	46	3	4
5	100000	36	50	2	5	
6	100000	40	52	2	6
7	100000	45	54	2	7
8	100000	50	56	1	8
9	100000	55	58	1	9
10	100000	60	60	1	10	
11	100000	62	64	0	11
12	100000	64	68	0	12
13	100000	66	72	0	13
14	100000	68	76	0	14
15	100000	70	80	0	15	
16	100000	72	82	-1	15
17	100000	74	84	-1	16
18	100000	76	86	-1	16	
19	100000	78	88	-2	17
20	100000	80	90	-2	17	
21	100000	82	91	-2	18
22	100000	84	92	-3	18
23	100000	86	93	-3	19
24	100000	88	94	-3	19
25	100000	90	95	-4	20	
26	100000	92	96	-6	21
27	100000	94	97	-7	22
28	100000	96	98	-8	23
29	100000	98	99	-9	24
30	100000	100	100	-10	25	
31	100000	100	101	-11	25
32	100000	100	102	-12	26
33	100000	100	103	-13	26
34	100000	100	104	-14	27
35	100000	100	105	-15	27	
36	100000	100	106	-15	28
37	100000	100	107	-16	28
38	100000	100	108	-16	29
39	100000	100	109	-17	29
40	100000	100	110	-17	30	
41	100000	100	111	-18	30
42	100000	100	112	-18	31
43	100000	100	113	-19	31
44	100000	100	114	-19	32
45	100000	100	115	-20	32	
46	100000	100	116	-21	33
47	100000	100	117	-22	33
48	100000	100	118	-23	34
49	100000	100	119	-24	34
50	100000	100	120	-25	35	

cha
;Value Leadership Charms Morale Illusive
0		-6	50	0	-6	
1		-6	70	0	-6	
2		-6	90	0	-6
3		-6	100	0	-5
4		-5	120	0	-5
5		-4	140	0	-4	
6		-3	160	0	-4
7		-2	180	0	-4
8		-1	200	0	-3
9		0	250	0	-3
10		0	300	0	-2	
11		1	400	0	-1
12		2	500	0	0
13		3	600	0	1
14		4	700	0	3
15		5	800	0	4	
16		6	900	0	5
17		7	1000	1	6
18		8	1100	1	7
19		9	1200	1	9
20		10	1500	2	10	
21		11	1600	2	11
22		12	1700	3	12
23		13	1800	3	13
24		14	1900	3	14
25		15	2000	4	15	
26		16	2100	4	16
27		17	2200	4	17
28		18	2300	4	18
29		19	2400	4	19
30		20	2500	5	20	
31		21	2600	5	21
32		22	2700	5	22
33		23	2800	5	23
34		24	2900	5	24
35		25	3000	6	25	
36		26	3100	6	26
37		27	3200	6	27
38		28	3300	6	28
39		29	3400	6	29
40		30	3500	7	30	
41		31	3600	7	31
42		32	3700	7	32
43		33	3800	7	33
44		34	3900	7	34
45		35	4000	8	35	
46		36	4100	8	36
47		37	4200	8	37
48		38	4300	9	38
49		39	4400	9	39
50		40	4500	10	40	



weapon
;Value Shocking Bashing
0		1	0	-10
1		1	0	-10
2		1	0	-8
3		2	0	-6
4		2	0	-4
5		3	1	-2
6		3	2	0
7		4	3	2
8		4	4	4
9		5	5	6
10		5	6	8
11		5	7	10
12		6	8	11
13		6	9	12
14		7	10	13
15		7	11	15
16		8	12	16
17		8	13	17
18		9	14	18
19		9	15	19
20		10	15	20
21		11	16	21
22		12	17	22
23		13	18	23
24		14	19	24
25		15	20	25
26		16	21	26
27		17	22	27
28		18	23	28
29		19	24	29
30		20	25	30
31		22	26	31
32		24	27	32
33		26	28	33
34		28	29	34
35		30	30	35
36		32	31	36
37		34	32	37
38		36	33	38
39		38	34	39
40		40	35	40
41		41	36	41
42		42	37	42
43		43	38	43
44		44	39	44
45		45	40	45
46		46	41	46
47		47	42	47
48		48	43	48
49		49	44	49
50		50	45	50

dex_skill
;Value PPocket PLocks Traps Sneak Hide
0		-99	-99	-5	-99	-60
1		-90	-90	-5	-90	-50
2		-80	-80	-4	-80	-45
3		-70	-70	-4	-70	-40
4		-60	-60	-3	-60	-35
5		-50	-50	-3	-50	-30
6		-40	-40	-2	-40	-25
7		-30	-30	-3	-30	-20
8		-20	-20	-1	-20	-15
9		-15	-10	-1	-20	-10
10		-10	-5	0	-15	-7
11		-5	-4	1	-10	-5
12		-4	-2	2	-5	-3
13		-2	0	3	-3	-1
14		0	2	4	-1	0
15		2	4	5	0	2
16		3	6	6	1	3
17		5	8	7	3	5
18		10	10	8	5	7
19		15	13	9	7	9
20		16	15	10	8	11
21		17	20	11	10	13
22		18	21	12	12	15
23		19	22	13	14	17
24		20	23	14	15	19
25		21	24	15	16	20
26		22	25	16	18	21
27		23	26	17	20	22
28		24	27	18	22	23
29		24	29	19	23	24
30		25	30	20	25	25	
31		26	32	21	26	26
32		27	32	22	27	27
33		28	33	23	28	28
34		29	34	24	29	29
35		29	35	25	30	30	
36		30	36	26	31	31
37		30	37	27	32	32
38		31	38	28	33	33
39		31	39	29	34	34
40		32	40	30	35	35	
41		32	41	31	36	36
42		33	42	32	37	37
43		34	43	33	38	38
44		35	44	34	39	39
45		36	45	35	40	40	
46		37	46	36	41	41
47		38	47	37	42	42
48		39	48	38	43	43
49		40	49	39	44	44
50		40	50	40	45	45	



int
;Value SpellAcknowledge ToSkilluse ManaPerTic MaxSpellcount(?) ImprooveSkill Observation
0		10	-10	10	0	0	-5	
1		10	-9	10	0	1	-5	
2		10	-8	10	0	1	-5
3		14	-7	10	0	2	-4
4		18	-6	15	0	2	-4
5		22	-5	20	0	3	-3	
6		26	-4	25	0	3	-2
7		30	-3	30	0	4	-2
8		34	-2	40	0	4	-1
9		38	-1	50	0	5	-1
10		42	0	60	0	5	0	
11		46	1	63	0	6	0
12		50	2	66	0	7	0
13		53	3	69	0	8	0
14		57	4	72	0	9	0
15		60	5	75	0	10	1	
16		64	6	78	0	11	2
17		68	7	81	0	12	3
18		72	8	84	0	13	4	
19		76	9	87	0	14	5
20		80	10	90	0	15	6	
21		82	11	92	0	16	7
22		84	12	94	0	17	8
23		86	13	96	0	18	9
24		88	14	98	0	19	9
25		90	15	100	0	20	10	
26		91	16	105	0	21	11
27		92	17	110	0	22	12
28		93	18	115	0	23	13
29		94	19	120	0	24	14
30		95	20	130	0	25	15	
31		95	21	135	0	26	16
32		95	22	140	0	27	17
33		95	23	145	0	28	18
34		95	24	150	0	29	19
35		96	25	150	0	30	20	
36		96	26	155	0	31	21
37		96	27	155	0	32	22
38		96	28	160	0	33	23
39		96	29	160	0	34	24
40		97	30	165	0	35	25	
41		97	31	165	0	36	26
42		97	32	170	0	37	27
43		97	33	170	0	38	28
44		97	34	175	0	39	29
45		98	35	175	0	40	30	
46		98	36	180	0	41	31
47		98	37	180	0	42	32
48		99	38	190	0	43	33
49		99	39	190	0	44	34
50		100	40	200	0	45	35	
};


size
;ToAC Interpolate Initiative Shocking
0		-5	-10	5	1	
1		-5	-10	5	1	
2		-5	-10	5	1
3		-5	-9	4	1
4		-5	-9	4	2
5		-5	-8	4	2	
6		-4	-8	4	2
7		-4	-7	4	2
8		-4	-7	3	2
9		-4	-7	3	3
10		-3	-6	3	3	
11		-3	-6	3	3
12		-3	-6	3	3
13		-3	-5	2	4
14		-2	-5	2	4
15		-2	-4	2	4	
16		-2	-4	2	4
17		-2	-4	2	5
18		-1	-3	1	5
19		-1	-3	1	6
20		-1	-2	1	6	
21		0	-2	1	7
22		0	-1	1	7
23		0	-1	0	8
24		0	0	0	9
25		0	0	0	9	
26		0	0	0	10
27		0	1	0	11
28		0	1	-1	11
29		0	1	-1	12
30		0	2	-1	12	
31		1	2	-1	13
32		1	2	-1	13
33		1	3	-2	14
34		1	3	-2	14
35		1	4	-2	15	
36		2	4	-2	16
37		2	5	-2	17
38		2	5	-3	18
39		2	5	-3	19
40		3	6	-3	20	
41		3	6	-3	21
42		3	7	-3	22
43		3	7	-4	23
44		3	7	-4	24
45		4	8	-4	25	
46		4	8	-4	26
47		4	9	-4	27
48		5	9	-5	28
49		5	10	-5	29
50		5	10	-5	30	


